0 verbose cli /usr/bin/node /usr/bin/npm
1 info using npm@9.5.0
2 info using node@v18.14.2
3 timing npm:load:whichnode Completed in 2ms
4 timing config:load:defaults Completed in 25ms
5 timing config:load:file:/usr/lib/node_modules/npm/npmrc Completed in 0ms
6 timing config:load:builtin Completed in 1ms
7 timing config:load:cli Completed in 4ms
8 timing config:load:env Completed in 1ms
9 timing config:load:project Completed in 2ms
10 timing config:load:file:/home/container/.npmrc Completed in 0ms
11 timing config:load:user Completed in 0ms
12 timing config:load:file:/usr/etc/npmrc Completed in 1ms
13 timing config:load:global Completed in 1ms
14 timing config:load:setEnvs Completed in 2ms
15 timing config:load Completed in 36ms
16 timing npm:load:configload Completed in 36ms
17 timing npm:load:mkdirpcache Completed in 0ms
18 timing npm:load:mkdirplogs Completed in 1ms
19 verbose title npm i discord.js@latest
20 verbose argv "i" "discord.js@latest"
21 timing npm:load:setTitle Completed in 2ms
22 timing config:load:flatten Completed in 6ms
23 timing npm:load:display Completed in 9ms
24 verbose logfile logs-max:10 dir:/home/container/.npm/_logs/2023-04-26T05_48_40_984Z-
25 verbose logfile /home/container/.npm/_logs/2023-04-26T05_48_40_984Z-debug-0.log
26 timing npm:load:logFile Completed in 11ms
27 timing npm:load:timers Completed in 0ms
28 timing npm:load:configScope Completed in 0ms
29 timing npm:load Completed in 61ms
30 timing arborist:ctor Completed in 2ms
31 silly logfile done cleaning log files
32 timing idealTree:init Completed in 115ms
33 timing arborist:ctor Completed in 1ms
34 http fetch GET 200 https://registry.npmjs.org/discord.js 609ms (cache revalidated)
35 timing idealTree:userRequests Completed in 677ms
36 silly idealTree buildDeps
37 silly fetch manifest discord.js@14.9.0
38 silly placeDep ROOT discord.js@14.9.0 REPLACE for:  want: 14.9.0
39 timing idealTree:#root Completed in 18ms
40 timing idealTree:node_modules/discord.js Completed in 0ms
41 timing idealTree:buildDeps Completed in 21ms
42 timing idealTree:fixDepFlags Completed in 2ms
43 timing idealTree Completed in 824ms
44 timing reify:loadTrees Completed in 827ms
45 timing reify:diffTrees Completed in 7ms
46 silly reify moves {}
47 timing reify:retireShallow Completed in 2ms
48 timing reify:createSparse Completed in 0ms
49 timing reify:loadBundles Completed in 0ms
50 silly audit bulk request {
50 silly audit   '@discordjs/builders': [ '1.6.1' ],
50 silly audit   '@discordjs/collection': [ '1.5.0' ],
50 silly audit   '@discordjs/formatters': [ '0.3.0' ],
50 silly audit   '@discordjs/rest': [ '1.7.0' ],
50 silly audit   '@discordjs/util': [ '0.2.0' ],
50 silly audit   '@sapphire/async-queue': [ '1.5.0' ],
50 silly audit   '@sapphire/shapeshift': [ '3.8.2' ],
50 silly audit   '@sapphire/snowflake': [ '3.4.2' ],
50 silly audit   '@tokenizer/token': [ '0.3.0' ],
50 silly audit   '@types/node': [ '18.16.1' ],
50 silly audit   '@types/ws': [ '8.5.4' ],
50 silly audit   'aoi.db': [ '1.1.0' ],
50 silly audit   'aoi.js': [ '6.1.1' ],
50 silly audit   axios: [ '0.24.0' ],
50 silly audit   busboy: [ '1.6.0' ],
50 silly audit   'dbdjs.db': [ '2.0.2' ],
50 silly audit   'discord-api-types': [ '0.37.40' ],
50 silly audit   'fast-deep-equal': [ '3.1.3' ],
50 silly audit   'file-type': [ '18.3.0' ],
50 silly audit   'follow-redirects': [ '1.15.2' ],
50 silly audit   fs: [ '0.0.1-security' ],
50 silly audit   ieee754: [ '1.2.1' ],
50 silly audit   inherits: [ '2.0.4' ],
50 silly audit   lodash: [ '4.17.21' ],
50 silly audit   'lodash.snakecase': [ '4.1.1' ],
50 silly audit   'peek-readable': [ '5.0.0' ],
50 silly audit   'readable-stream': [ '3.6.2' ],
50 silly audit   'readable-web-to-node-stream': [ '3.0.2' ],
50 silly audit   'safe-buffer': [ '5.2.1' ],
50 silly audit   streamsearch: [ '1.1.0' ],
50 silly audit   string_decoder: [ '1.3.0' ],
50 silly audit   strtok3: [ '7.0.0' ],
50 silly audit   'tiny-typed-emitter': [ '2.1.0' ],
50 silly audit   'token-types': [ '5.0.1' ],
50 silly audit   'ts-mixer': [ '6.0.3' ],
50 silly audit   tslib: [ '2.5.0' ],
50 silly audit   undici: [ '5.22.0' ],
50 silly audit   'util-deprecate': [ '1.0.2' ],
50 silly audit   ws: [ '8.13.0' ],
50 silly audit   'discord.js': [ '14.9.0' ]
50 silly audit }
51 timing reify:unpack Completed in 1ms
52 timing reify:unretire Completed in 0ms
53 timing build:queue Completed in 0ms
54 timing build:deps Completed in 1ms
55 timing build Completed in 2ms
56 timing reify:build Completed in 2ms
57 timing reify:trash Completed in 0ms
58 http fetch POST 200 https://registry.npmjs.org/-/npm/v1/security/advisories/bulk 270ms
59 timing auditReport:getReport Completed in 277ms
60 silly audit report {}
61 timing auditReport:init Completed in 0ms
62 timing reify:audit Completed in 279ms
63 timing reify:save Completed in 326ms
64 timing reify Completed in 1207ms
65 timing command:i Completed in 1225ms
66 verbose exit 0
67 timing npm Completed in 1314ms
68 info ok
